GET 304 http://localhost:8051/ 12-Apr-2018T15:18:48 +0000 1 ms
GET 304 http://localhost:8051/stylesheet.css 12-Apr-2018T15:18:48 +0000 1 ms
GET 304 http://localhost:8051/clientSide.js 12-Apr-2018T15:18:48 +0000 2 ms
GET 200 http://localhost:8051/products?orderby=name&lookup=&amount=10&page=1 12-Apr-2018T15:18:48 +0000 4 ms
GET 304 http://localhost:8051/charger.jpg 12-Apr-2018T15:18:48 +0000 1 ms
GET 304 http://localhost:8051/UAnno.jpg 12-Apr-2018T15:18:48 +0000 4 ms
GET 304 http://localhost:8051/UAssO.jpg 12-Apr-2018T15:18:48 +0000 1 ms
GET 304 http://localhost:8051/BChir.jpg 12-Apr-2018T15:18:48 +0000 1 ms
GET 304 http://localhost:8051/cardboard.jpg 12-Apr-2018T15:18:48 +0000 1 ms
GET 304 http://localhost:8051/scale.jpg 12-Apr-2018T15:18:48 +0000 1 ms
GET 304 http://localhost:8051/BDish.jpg 12-Apr-2018T15:18:48 +0000 1 ms
GET 304 http://localhost:8051/BDoom.jpg 12-Apr-2018T15:18:48 +0000 1 ms
GET 304 http://localhost:8051/erazer.jpg 12-Apr-2018T15:18:48 +0000 1 ms
GET 304 http://localhost:8051/BTark.jpg 12-Apr-2018T15:18:48 +0000 2 ms
GET 200 http://localhost:8051/products?orderby=name&lookup=bank&amount=10&page=1 12-Apr-2018T15:19:02 +0000 4 ms
GET 200 http://localhost:8051/products?orderby=name&lookup=bank&amount=10&page=1 12-Apr-2018T15:19:07 +0000 5 ms
GET 200 http://localhost:8051/profile.html 12-Apr-2018T15:29:25 +0000 10 ms
GET 304 http://localhost:8051/stylesheet.css 12-Apr-2018T15:29:26 +0000 0 ms
GET 200 http://localhost:8051/index.html 12-Apr-2018T15:29:37 +0000 0 ms
GET 304 http://localhost:8051/stylesheet.css 12-Apr-2018T15:29:37 +0000 2 ms
GET 304 http://localhost:8051/clientSide.js 12-Apr-2018T15:29:37 +0000 2 ms
GET 200 http://localhost:8051/products?orderby=name&lookup=&amount=10&page=1 12-Apr-2018T15:29:37 +0000 2 ms
GET 304 http://localhost:8051/charger.jpg 12-Apr-2018T15:29:37 +0000 3 ms
GET 304 http://localhost:8051/UAnno.jpg 12-Apr-2018T15:29:37 +0000 1 ms
GET 304 http://localhost:8051/UAssO.jpg 12-Apr-2018T15:29:37 +0000 1 ms
GET 304 http://localhost:8051/BDoom.jpg 12-Apr-2018T15:29:37 +0000 1 ms
GET 304 http://localhost:8051/BDish.jpg 12-Apr-2018T15:29:37 +0000 1 ms
GET 304 http://localhost:8051/BChir.jpg 12-Apr-2018T15:29:37 +0000 1 ms
GET 304 http://localhost:8051/cardboard.jpg 12-Apr-2018T15:29:37 +0000 1 ms
GET 304 http://localhost:8051/scale.jpg 12-Apr-2018T15:29:37 +0000 1 ms
GET 304 http://localhost:8051/erazer.jpg 12-Apr-2018T15:29:37 +0000 1 ms
GET 304 http://localhost:8051/BTark.jpg 12-Apr-2018T15:29:37 +0000 1 ms
